12:45:10.671 [AWT-EventQueue-0] INFO  com.luoboduner.wesync.App - ==================AppInitStart
12:45:13.159 [AWT-EventQueue-0] ERROR c.l.wesync.ui.panel.DatabasePanelTo - 目标数据库用户名或密码解密错误：java.lang.NumberFormatException: For input string: "cs"
12:45:13.211 [AWT-EventQueue-0] INFO  com.luoboduner.wesync.App - ==================AppInitEnd
12:45:20.082 [AWT-EventQueue-0] ERROR c.l.wesync.ui.panel.DatabasePanelTo - 目标数据库用户名或密码解密错误：java.lang.NumberFormatException: For input string: "cs"
13:15:08.928 [AWT-EventQueue-0] INFO  com.luoboduner.wesync.App - ==================AppInitStart
13:15:09.246 [AWT-EventQueue-0] ERROR c.l.wesync.tools.ConfigManager - Read config xml error:org.dom4j.DocumentException: Error on line 16 of document file:///D:/workspace/WeSync/config/config.xml : 对实体 "ywI00rm" 的引用必须以 ';' 分隔符结尾。
13:15:54.902 [AWT-EventQueue-0] INFO  com.luoboduner.wesync.App - ==================AppInitStart
13:15:55.219 [AWT-EventQueue-0] ERROR c.l.wesync.tools.ConfigManager - Read config xml error:org.dom4j.DocumentException: Error on line 16 of document file:///D:/workspace/WeSync/config/config.xml : 对实体 "ywI00rm" 的引用必须以 ';' 分隔符结尾。
13:16:40.721 [AWT-EventQueue-0] INFO  com.luoboduner.wesync.App - ==================AppInitStart
13:16:41.034 [AWT-EventQueue-0] ERROR c.l.wesync.tools.ConfigManager - Read config xml error:org.dom4j.DocumentException: Error on line 16 of document file:///D:/workspace/WeSync/config/config.xml : 对实体 "ywI00rm" 的引用必须以 ';' 分隔符结尾。
13:16:54.850 [AWT-EventQueue-0] INFO  com.luoboduner.wesync.App - ==================AppInitStart
13:16:55.160 [AWT-EventQueue-0] ERROR c.l.wesync.tools.ConfigManager - Read config xml error:org.dom4j.DocumentException: Error on line 16 of document file:///D:/workspace/WeSync/config/config.xml : 对实体 "ywI00rm" 的引用必须以 ';' 分隔符结尾。
13:17:11.184 [AWT-EventQueue-0] INFO  com.luoboduner.wesync.App - ==================AppInitStart
13:17:13.147 [AWT-EventQueue-0] INFO  com.luoboduner.wesync.App - ==================AppInitEnd
13:19:34.823 [AWT-EventQueue-0] INFO  com.luoboduner.wesync.App - ==================AppInitStart
13:19:37.032 [AWT-EventQueue-0] INFO  com.luoboduner.wesync.App - ==================AppInitEnd
13:20:59.719 [AWT-EventQueue-0] INFO  com.luoboduner.wesync.App - ==================AppInitStart
13:21:01.677 [AWT-EventQueue-0] INFO  com.luoboduner.wesync.App - ==================AppInitEnd
13:22:42.645 [AWT-EventQueue-0] INFO  com.luoboduner.wesync.App - ==================AppInitStart
13:22:44.609 [AWT-EventQueue-0] INFO  com.luoboduner.wesync.App - ==================AppInitEnd
13:24:37.385 [AWT-EventQueue-0] INFO  com.luoboduner.wesync.App - ==================AppInitStart
13:24:39.613 [AWT-EventQueue-0] INFO  com.luoboduner.wesync.App - ==================AppInitEnd
13:27:14.611 [AWT-EventQueue-0] INFO  com.luoboduner.wesync.App - ==================AppInitStart
13:27:16.661 [AWT-EventQueue-0] INFO  com.luoboduner.wesync.App - ==================AppInitEnd
13:27:29.340 [AWT-EventQueue-0] INFO  com.luoboduner.wesync.App - ==================AppInitStart
13:27:31.337 [AWT-EventQueue-0] INFO  com.luoboduner.wesync.App - ==================AppInitEnd
13:28:28.121 [AWT-EventQueue-0] INFO  com.luoboduner.wesync.App - ==================AppInitStart
13:28:30.084 [AWT-EventQueue-0] INFO  com.luoboduner.wesync.App - ==================AppInitEnd
13:29:02.268 [AWT-EventQueue-0] INFO  com.luoboduner.wesync.App - ==================AppInitStart
13:29:04.220 [AWT-EventQueue-0] INFO  com.luoboduner.wesync.App - ==================AppInitEnd
13:30:49.775 [AWT-EventQueue-0] INFO  com.luoboduner.wesync.App - ==================AppInitStart
13:30:51.817 [AWT-EventQueue-0] INFO  com.luoboduner.wesync.App - ==================AppInitEnd
13:36:33.194 [AWT-EventQueue-0] INFO  com.luoboduner.wesync.App - ==================AppInitStart
13:36:35.191 [AWT-EventQueue-0] INFO  com.luoboduner.wesync.App - ==================AppInitEnd
13:37:11.538 [AWT-EventQueue-0] INFO  com.luoboduner.wesync.App - ==================AppInitStart
13:37:13.464 [AWT-EventQueue-0] ERROR c.l.w.ui.panel.DatabasePanelFrom - 来源数据库用户名或密码解密错误：java.lang.NumberFormatException: For input string: "Yh"
13:37:13.512 [AWT-EventQueue-0] INFO  com.luoboduner.wesync.App - ==================AppInitEnd
13:37:16.768 [AWT-EventQueue-0] ERROR c.l.w.ui.panel.DatabasePanelFrom - 来源数据库用户名或密码解密错误：java.lang.NumberFormatException: For input string: "Yh"
13:44:27.754 [AWT-EventQueue-0] INFO  com.luoboduner.wesync.App - ==================AppInitStart
13:44:30.502 [AWT-EventQueue-0] ERROR c.l.w.ui.panel.DatabasePanelFrom - 来源数据库用户名或密码解密错误：java.lang.NumberFormatException: For input string: "Yh"
13:44:30.551 [AWT-EventQueue-0] INFO  com.luoboduner.wesync.App - ==================AppInitEnd
13:44:33.843 [AWT-EventQueue-0] ERROR c.l.w.ui.panel.DatabasePanelFrom - 来源数据库用户名或密码解密错误：java.lang.NumberFormatException: For input string: "Yh"
13:46:59.432 [AWT-EventQueue-0] INFO  com.luoboduner.wesync.App - ==================AppInitStart
13:47:02.459 [AWT-EventQueue-0] INFO  com.luoboduner.wesync.App - ==================AppInitEnd
13:47:27.552 [AWT-EventQueue-0] INFO  com.luoboduner.wesync.App - ==================AppInitStart
13:47:29.723 [AWT-EventQueue-0] INFO  com.luoboduner.wesync.App - ==================AppInitEnd
13:48:43.271 [AWT-EventQueue-0] INFO  com.luoboduner.wesync.App - ==================AppInitStart
13:48:45.274 [AWT-EventQueue-0] INFO  com.luoboduner.wesync.App - ==================AppInitEnd
13:52:12.583 [AWT-EventQueue-0] INFO  com.luoboduner.wesync.App - ==================AppInitStart
13:52:14.612 [AWT-EventQueue-0] INFO  com.luoboduner.wesync.App - ==================AppInitEnd
13:53:22.745 [AWT-EventQueue-0] INFO  com.luoboduner.wesync.App - ==================AppInitStart
13:53:24.809 [AWT-EventQueue-0] INFO  com.luoboduner.wesync.App - ==================AppInitEnd
14:03:01.820 [AWT-EventQueue-0] INFO  com.luoboduner.wesync.App - ==================AppInitStart
14:05:37.022 [AWT-EventQueue-0] INFO  com.luoboduner.wesync.App - ==================AppInitStart
14:05:39.051 [AWT-EventQueue-0] INFO  com.luoboduner.wesync.App - ==================AppInitEnd
14:08:13.246 [AWT-EventQueue-0] INFO  com.luoboduner.wesync.App - ==================AppInitStart
14:08:15.236 [AWT-EventQueue-0] INFO  com.luoboduner.wesync.App - ==================AppInitEnd
14:12:33.893 [AWT-EventQueue-0] INFO  com.luoboduner.wesync.App - ==================AppInitStart
14:12:36.047 [AWT-EventQueue-0] INFO  com.luoboduner.wesync.App - ==================AppInitEnd
14:13:09.236 [AWT-EventQueue-0] INFO  com.luoboduner.wesync.App - ==================AppInitStart
14:13:11.334 [AWT-EventQueue-0] INFO  com.luoboduner.wesync.App - ==================AppInitEnd
14:14:50.700 [AWT-EventQueue-0] INFO  com.luoboduner.wesync.App - ==================AppInitStart
14:14:52.799 [AWT-EventQueue-0] INFO  com.luoboduner.wesync.App - ==================AppInitEnd
14:15:21.671 [AWT-EventQueue-0] INFO  com.luoboduner.wesync.App - ==================AppInitStart
14:15:23.656 [AWT-EventQueue-0] INFO  com.luoboduner.wesync.App - ==================AppInitEnd
14:15:36.641 [AWT-EventQueue-0] INFO  com.luoboduner.wesync.App - ==================AppInitStart
14:15:38.691 [AWT-EventQueue-0] INFO  com.luoboduner.wesync.App - ==================AppInitEnd
14:16:10.892 [AWT-EventQueue-0] INFO  com.luoboduner.wesync.App - ==================AppInitStart
14:16:12.942 [AWT-EventQueue-0] INFO  com.luoboduner.wesync.App - ==================AppInitEnd
14:18:28.309 [AWT-EventQueue-0] INFO  com.luoboduner.wesync.App - ==================AppInitStart
14:18:30.320 [AWT-EventQueue-0] INFO  com.luoboduner.wesync.App - ==================AppInitEnd
14:18:46.861 [AWT-EventQueue-0] INFO  com.luoboduner.wesync.App - ==================AppInitStart
14:18:48.909 [AWT-EventQueue-0] INFO  com.luoboduner.wesync.App - ==================AppInitEnd
14:19:09.750 [AWT-EventQueue-0] INFO  com.luoboduner.wesync.App - ==================AppInitStart
14:19:11.750 [AWT-EventQueue-0] INFO  com.luoboduner.wesync.App - ==================AppInitEnd
14:20:14.225 [AWT-EventQueue-0] INFO  com.luoboduner.wesync.App - ==================AppInitStart
14:20:16.248 [AWT-EventQueue-0] INFO  com.luoboduner.wesync.App - ==================AppInitEnd
14:20:32.699 [AWT-EventQueue-0] INFO  com.luoboduner.wesync.App - ==================AppInitStart
14:20:34.684 [AWT-EventQueue-0] INFO  com.luoboduner.wesync.App - ==================AppInitEnd
14:20:52.417 [AWT-EventQueue-0] INFO  com.luoboduner.wesync.App - ==================AppInitStart
14:20:54.496 [AWT-EventQueue-0] INFO  com.luoboduner.wesync.App - ==================AppInitEnd
14:21:24.522 [AWT-EventQueue-0] INFO  com.luoboduner.wesync.App - ==================AppInitStart
14:21:26.572 [AWT-EventQueue-0] INFO  com.luoboduner.wesync.App - ==================AppInitEnd
14:22:25.686 [AWT-EventQueue-0] INFO  com.luoboduner.wesync.App - ==================AppInitStart
14:22:28.000 [AWT-EventQueue-0] INFO  com.luoboduner.wesync.App - ==================AppInitEnd
14:24:32.917 [AWT-EventQueue-0] INFO  com.luoboduner.wesync.App - ==================AppInitStart
14:24:34.950 [AWT-EventQueue-0] INFO  com.luoboduner.wesync.App - ==================AppInitEnd
14:25:11.707 [AWT-EventQueue-0] INFO  com.luoboduner.wesync.App - ==================AppInitStart
14:25:13.873 [AWT-EventQueue-0] INFO  com.luoboduner.wesync.App - ==================AppInitEnd
14:27:21.083 [AWT-EventQueue-0] INFO  com.luoboduner.wesync.App - ==================AppInitStart
14:27:23.114 [AWT-EventQueue-0] INFO  com.luoboduner.wesync.App - ==================AppInitEnd
14:27:40.330 [AWT-EventQueue-0] INFO  com.luoboduner.wesync.App - ==================AppInitStart
14:27:42.448 [AWT-EventQueue-0] INFO  com.luoboduner.wesync.App - ==================AppInitEnd
14:28:07.044 [AWT-EventQueue-0] INFO  com.luoboduner.wesync.App - ==================AppInitStart
14:28:09.158 [AWT-EventQueue-0] INFO  com.luoboduner.wesync.App - ==================AppInitEnd
14:28:41.891 [AWT-EventQueue-0] INFO  com.luoboduner.wesync.App - ==================AppInitStart
14:28:43.916 [AWT-EventQueue-0] INFO  com.luoboduner.wesync.App - ==================AppInitEnd
14:29:30.162 [AWT-EventQueue-0] INFO  com.luoboduner.wesync.App - ==================AppInitStart
14:29:32.291 [AWT-EventQueue-0] INFO  com.luoboduner.wesync.App - ==================AppInitEnd
14:29:54.000 [AWT-EventQueue-0] INFO  com.luoboduner.wesync.App - ==================AppInitStart
14:29:56.203 [AWT-EventQueue-0] INFO  com.luoboduner.wesync.App - ==================AppInitEnd
14:30:29.982 [AWT-EventQueue-0] INFO  com.luoboduner.wesync.App - ==================AppInitStart
14:30:32.029 [AWT-EventQueue-0] INFO  com.luoboduner.wesync.App - ==================AppInitEnd
14:32:45.485 [AWT-EventQueue-0] INFO  com.luoboduner.wesync.App - ==================AppInitStart
14:32:47.631 [AWT-EventQueue-0] INFO  com.luoboduner.wesync.App - ==================AppInitEnd
14:34:41.267 [AWT-EventQueue-0] INFO  com.luoboduner.wesync.App - ==================AppInitStart
14:34:43.268 [AWT-EventQueue-0] INFO  com.luoboduner.wesync.App - ==================AppInitEnd
14:35:35.271 [AWT-EventQueue-0] INFO  com.luoboduner.wesync.App - ==================AppInitStart
14:35:37.309 [AWT-EventQueue-0] INFO  com.luoboduner.wesync.App - ==================AppInitEnd
14:36:26.174 [AWT-EventQueue-0] INFO  com.luoboduner.wesync.App - ==================AppInitStart
14:36:28.194 [AWT-EventQueue-0] INFO  com.luoboduner.wesync.App - ==================AppInitEnd
14:38:27.311 [AWT-EventQueue-0] INFO  com.luoboduner.wesync.App - ==================AppInitStart
14:38:29.317 [AWT-EventQueue-0] INFO  com.luoboduner.wesync.App - ==================AppInitEnd
14:38:53.780 [AWT-EventQueue-0] INFO  com.luoboduner.wesync.App - ==================AppInitStart
14:38:55.872 [AWT-EventQueue-0] INFO  com.luoboduner.wesync.App - ==================AppInitEnd
14:42:19.310 [AWT-EventQueue-0] INFO  com.luoboduner.wesync.App - ==================AppInitStart
14:42:21.826 [AWT-EventQueue-0] INFO  com.luoboduner.wesync.App - ==================AppInitEnd
14:43:02.551 [AWT-EventQueue-0] INFO  com.luoboduner.wesync.App - ==================AppInitStart
14:43:04.543 [AWT-EventQueue-0] INFO  com.luoboduner.wesync.App - ==================AppInitEnd
14:44:11.746 [AWT-EventQueue-0] INFO  com.luoboduner.wesync.App - ==================AppInitStart
14:45:25.116 [AWT-EventQueue-0] INFO  com.luoboduner.wesync.App - ==================AppInitStart
14:45:27.141 [AWT-EventQueue-0] INFO  com.luoboduner.wesync.App - ==================AppInitEnd
14:46:39.506 [AWT-EventQueue-0] INFO  com.luoboduner.wesync.App - ==================AppInitStart
14:47:04.760 [AWT-EventQueue-0] INFO  com.luoboduner.wesync.App - ==================AppInitStart
14:47:55.398 [AWT-EventQueue-0] INFO  com.luoboduner.wesync.App - ==================AppInitStart
14:47:57.431 [AWT-EventQueue-0] INFO  com.luoboduner.wesync.App - ==================AppInitEnd
14:49:06.827 [AWT-EventQueue-0] INFO  com.luoboduner.wesync.App - ==================AppInitStart
14:49:08.818 [AWT-EventQueue-0] INFO  com.luoboduner.wesync.App - ==================AppInitEnd
14:49:56.036 [AWT-EventQueue-0] INFO  com.luoboduner.wesync.App - ==================AppInitStart
14:49:58.256 [AWT-EventQueue-0] INFO  com.luoboduner.wesync.App - ==================AppInitEnd
14:51:19.148 [AWT-EventQueue-0] INFO  com.luoboduner.wesync.App - ==================AppInitStart
14:51:21.153 [AWT-EventQueue-0] INFO  com.luoboduner.wesync.App - ==================AppInitEnd
14:52:52.748 [AWT-EventQueue-0] INFO  com.luoboduner.wesync.App - ==================AppInitStart
14:52:54.745 [AWT-EventQueue-0] INFO  com.luoboduner.wesync.App - ==================AppInitEnd
14:53:37.328 [AWT-EventQueue-0] INFO  com.luoboduner.wesync.App - ==================AppInitStart
14:53:39.320 [AWT-EventQueue-0] INFO  com.luoboduner.wesync.App - ==================AppInitEnd
14:58:02.742 [AWT-EventQueue-0] INFO  com.luoboduner.wesync.App - ==================AppInitStart
14:58:04.705 [AWT-EventQueue-0] INFO  com.luoboduner.wesync.App - ==================AppInitEnd
15:02:38.392 [AWT-EventQueue-0] INFO  com.luoboduner.wesync.App - ==================AppInitStart
15:02:40.560 [AWT-EventQueue-0] INFO  com.luoboduner.wesync.App - ==================AppInitEnd
15:05:49.159 [AWT-EventQueue-0] INFO  com.luoboduner.wesync.App - ==================AppInitStart
15:05:51.168 [AWT-EventQueue-0] INFO  com.luoboduner.wesync.App - ==================AppInitEnd
15:24:14.903 [AWT-EventQueue-0] INFO  com.luoboduner.wesync.App - ==================AppInitStart
15:24:16.970 [AWT-EventQueue-0] INFO  com.luoboduner.wesync.App - ==================AppInitEnd
17:50:10.113 [AWT-EventQueue-0] INFO  com.luoboduner.wesync.App - ==================AppInitStart
17:50:13.431 [AWT-EventQueue-0] INFO  com.luoboduner.wesync.App - ==================AppInitEnd
17:50:45.692 [AWT-EventQueue-0] INFO  c.l.wesync.logic.sync.DataBaseSync - from 10.0.74.10 connection establied.
17:50:45.693 [AWT-EventQueue-0] INFO  c.l.wesync.logic.sync.DataBaseSync - to 10.0.74.10 connection establied.
17:54:12.139 [AWT-EventQueue-0] INFO  com.luoboduner.wesync.App - ==================AppInitStart
17:54:14.222 [AWT-EventQueue-0] INFO  com.luoboduner.wesync.App - ==================AppInitEnd
17:55:24.564 [AWT-EventQueue-0] INFO  c.l.wesync.logic.sync.DataBaseSync - from 10.0.74.10 connection establied.
17:55:24.565 [AWT-EventQueue-0] INFO  c.l.wesync.logic.sync.DataBaseSync - to 10.0.74.10 connection establied.
17:56:08.835 [AWT-EventQueue-0] INFO  com.luoboduner.wesync.App - ==================AppInitStart
17:56:10.827 [AWT-EventQueue-0] INFO  com.luoboduner.wesync.App - ==================AppInitEnd
17:56:20.288 [AWT-EventQueue-0] INFO  c.l.wesync.logic.sync.DataBaseSync - from 10.0.74.10 connection establied.
17:56:20.289 [AWT-EventQueue-0] INFO  c.l.wesync.logic.sync.DataBaseSync - to 10.0.74.10 connection establied.
17:56:49.147 [AWT-EventQueue-0] INFO  com.luoboduner.wesync.App - ==================AppInitStart
17:56:51.189 [AWT-EventQueue-0] INFO  com.luoboduner.wesync.App - ==================AppInitEnd
17:56:56.902 [AWT-EventQueue-0] INFO  c.l.wesync.logic.sync.DataBaseSync - from 10.0.74.10 connection establied.
17:56:56.903 [AWT-EventQueue-0] INFO  c.l.wesync.logic.sync.DataBaseSync - to 10.0.74.10 connection establied.
17:58:50.857 [AWT-EventQueue-0] INFO  c.l.wesync.logic.sync.DataBaseSync - from 10.252.193.44 connection establied.
17:58:50.858 [AWT-EventQueue-0] INFO  c.l.wesync.logic.sync.DataBaseSync - to 10.252.193.44 connection establied.
17:59:13.136 [AWT-EventQueue-0] INFO  c.l.wesync.logic.sync.DataBaseSync - from 10.252.193.44 connection establied.
17:59:13.137 [AWT-EventQueue-0] INFO  c.l.wesync.logic.sync.DataBaseSync - to 10.252.193.44 connection establied.
18:00:40.474 [AWT-EventQueue-0] INFO  c.l.wesync.logic.sync.DataBaseSync - from 10.252.193.44 connection establied.
18:00:40.476 [AWT-EventQueue-0] INFO  c.l.wesync.logic.sync.DataBaseSync - to 10.252.193.44 connection establied.
18:02:03.094 [AWT-EventQueue-0] INFO  com.luoboduner.wesync.App - ==================AppInitStart
18:02:05.133 [AWT-EventQueue-0] INFO  com.luoboduner.wesync.App - ==================AppInitEnd
18:02:44.707 [AWT-EventQueue-0] INFO  com.luoboduner.wesync.App - ==================AppInitStart
18:02:46.723 [AWT-EventQueue-0] INFO  com.luoboduner.wesync.App - ==================AppInitEnd
18:02:53.287 [AWT-EventQueue-0] INFO  c.l.wesync.logic.sync.DataBaseSync - from 10.252.193.44 connection establied.
18:02:53.288 [AWT-EventQueue-0] INFO  c.l.wesync.logic.sync.DataBaseSync - to 10.252.193.44 connection establied.
18:02:57.383 [AWT-EventQueue-0] INFO  c.l.wesync.logic.sync.DataBaseSync - succes
18:03:00.230 [AWT-EventQueue-0] INFO  c.l.wesync.logic.sync.DataBaseSync - succes
18:03:07.219 [AWT-EventQueue-0] ERROR c.l.wesync.ui.panel.DatabasePanelTo - Write to xml file errorjava.sql.SQLException: Column name pattern can not be NULL or empty.
18:05:04.451 [AWT-EventQueue-0] INFO  com.luoboduner.wesync.App - ==================AppInitStart
18:05:06.519 [AWT-EventQueue-0] INFO  com.luoboduner.wesync.App - ==================AppInitEnd
18:05:52.189 [AWT-EventQueue-0] INFO  c.l.wesync.logic.sync.DataBaseSync - from 10.252.193.44 connection establied.
18:05:52.191 [AWT-EventQueue-0] INFO  c.l.wesync.logic.sync.DataBaseSync - to 10.252.193.44 connection establied.
18:05:56.812 [AWT-EventQueue-0] INFO  c.l.wesync.logic.sync.DataBaseSync - succes
18:05:57.103 [AWT-EventQueue-0] INFO  c.l.wesync.logic.sync.DataBaseSync - succes
18:06:20.050 [AWT-EventQueue-0] ERROR c.l.wesync.ui.panel.DatabasePanelTo - Write to xml file errorjava.sql.SQLException: Column name pattern can not be NULL or empty.
18:06:36.884 [AWT-EventQueue-0] INFO  com.luoboduner.wesync.App - ==================AppInitStart
18:06:39.006 [AWT-EventQueue-0] INFO  com.luoboduner.wesync.App - ==================AppInitEnd
18:06:49.980 [AWT-EventQueue-0] INFO  c.l.wesync.logic.sync.DataBaseSync - from 10.252.193.44 connection establied.
18:06:49.981 [AWT-EventQueue-0] INFO  c.l.wesync.logic.sync.DataBaseSync - to 10.252.193.44 connection establied.
18:07:53.709 [AWT-EventQueue-0] INFO  c.l.wesync.logic.sync.DataBaseSync - from 10.252.193.44 connection establied.
18:07:53.709 [AWT-EventQueue-0] INFO  c.l.wesync.logic.sync.DataBaseSync - to 10.252.193.44 connection establied.
18:07:53.949 [AWT-EventQueue-0] INFO  c.l.wesync.logic.sync.DataBaseSync - succes
18:08:29.238 [AWT-EventQueue-0] ERROR c.l.wesync.ui.panel.DatabasePanelTo - Write to xml file errorjava.sql.SQLException: Column name pattern can not be NULL or empty.
18:13:26.126 [AWT-EventQueue-0] INFO  com.luoboduner.wesync.App - ==================AppInitStart
18:13:28.780 [AWT-EventQueue-0] INFO  com.luoboduner.wesync.App - ==================AppInitEnd
18:13:44.174 [AWT-EventQueue-0] INFO  c.l.wesync.logic.sync.DataBaseSync - from 10.252.193.44 connection establied.
18:13:44.174 [AWT-EventQueue-0] INFO  c.l.wesync.logic.sync.DataBaseSync - to 10.252.193.44 connection establied.
18:13:44.544 [AWT-EventQueue-0] INFO  c.l.wesync.logic.sync.DataBaseSync - succes
18:14:05.481 [AWT-EventQueue-0] ERROR c.l.wesync.ui.panel.DatabasePanelTo - Write to xml file errorjava.sql.SQLSyntaxErrorException: Table 'finedb.usr_user' doesn't exist
18:15:17.279 [AWT-EventQueue-0] INFO  com.luoboduner.wesync.App - ==================AppInitStart
18:15:19.326 [AWT-EventQueue-0] INFO  com.luoboduner.wesync.App - ==================AppInitEnd
18:15:35.222 [AWT-EventQueue-0] INFO  c.l.wesync.logic.sync.DataBaseSync - from 10.252.193.44 connection establied.
18:15:35.223 [AWT-EventQueue-0] INFO  c.l.wesync.logic.sync.DataBaseSync - to 10.252.193.44 connection establied.
18:15:53.713 [AWT-EventQueue-0] INFO  c.l.wesync.logic.sync.DataBaseSync - from 10.252.193.44 connection establied.
18:15:53.714 [AWT-EventQueue-0] INFO  c.l.wesync.logic.sync.DataBaseSync - to 10.252.193.44 connection establied.
18:16:14.817 [AWT-EventQueue-0] INFO  c.l.wesync.logic.sync.DataBaseSync - from 10.252.193.44 connection establied.
18:16:14.818 [AWT-EventQueue-0] INFO  c.l.wesync.logic.sync.DataBaseSync - to 10.252.193.44 connection establied.
18:16:15.082 [AWT-EventQueue-0] INFO  c.l.wesync.logic.sync.DataBaseSync - succes
18:16:31.004 [AWT-EventQueue-0] ERROR c.l.wesync.ui.panel.DatabasePanelTo - Write to xml file errorjava.sql.SQLSyntaxErrorException: Table 'finedb.usr_user' doesn't exist
18:17:30.471 [AWT-EventQueue-0] INFO  com.luoboduner.wesync.App - ==================AppInitStart
18:17:32.502 [AWT-EventQueue-0] INFO  com.luoboduner.wesync.App - ==================AppInitEnd
18:17:50.665 [AWT-EventQueue-0] INFO  c.l.wesync.logic.sync.DataBaseSync - from 10.252.193.44 connection establied.
18:17:50.666 [AWT-EventQueue-0] INFO  c.l.wesync.logic.sync.DataBaseSync - to 10.252.193.44 connection establied.
18:17:50.929 [AWT-EventQueue-0] INFO  c.l.wesync.logic.sync.DataBaseSync - succes
18:18:30.216 [AWT-EventQueue-0] INFO  c.l.wesync.logic.sync.DataBaseSync - get ddl from  .usr_user 
18:19:53.074 [AWT-EventQueue-0] INFO  c.l.wesync.logic.sync.DataBaseSync - drop table for usr_user is begin...
18:21:17.672 [AWT-EventQueue-0] INFO  com.luoboduner.wesync.App - ==================AppInitStart
18:21:19.760 [AWT-EventQueue-0] INFO  com.luoboduner.wesync.App - ==================AppInitEnd
18:23:43.626 [AWT-EventQueue-0] INFO  c.l.wesync.logic.sync.DataBaseSync - from 10.252.193.44 connection establied.
18:23:43.627 [AWT-EventQueue-0] INFO  c.l.wesync.logic.sync.DataBaseSync - to 10.252.193.44 connection establied.
18:23:43.922 [AWT-EventQueue-0] INFO  c.l.wesync.logic.sync.DataBaseSync - succes
18:24:11.297 [AWT-EventQueue-0] INFO  c.l.wesync.logic.sync.DataBaseSync - get ddl from  csx_b2b_data_center.usr_user 
18:24:16.367 [AWT-EventQueue-0] INFO  c.l.wesync.logic.sync.DataBaseSync - drop table for usr_user is begin...
18:26:33.378 [AWT-EventQueue-0] ERROR c.l.wesync.ui.panel.DatabasePanelTo - Write to xml file errorjava.sql.SQLSyntaxErrorException: You have an error in your SQL syntax; check the manual that corresponds to your MySQL server version for the right syntax to use near 'TABLEcsx_b2b_data_center.usr_user' at line 1
18:31:11.744 [AWT-EventQueue-0] INFO  com.luoboduner.wesync.App - ==================AppInitStart
18:31:13.753 [AWT-EventQueue-0] INFO  com.luoboduner.wesync.App - ==================AppInitEnd
18:31:33.909 [AWT-EventQueue-0] INFO  c.l.wesync.logic.sync.DataBaseSync - from 10.252.193.44 connection establied.
18:31:33.910 [AWT-EventQueue-0] INFO  c.l.wesync.logic.sync.DataBaseSync - to 10.252.193.44 connection establied.
18:31:34.228 [AWT-EventQueue-0] INFO  c.l.wesync.logic.sync.DataBaseSync - succes
18:31:39.982 [AWT-EventQueue-0] INFO  c.l.wesync.logic.sync.DataBaseSync - get ddl from  csx_b2b_data_center.usr_user 
18:31:40.043 [AWT-EventQueue-0] INFO  c.l.wesync.logic.sync.DataBaseSync - drop table for usr_user is begin...
18:31:52.298 [AWT-EventQueue-0] ERROR c.l.wesync.ui.panel.DatabasePanelTo - Write to xml file errorjava.sql.SQLSyntaxErrorException: You have an error in your SQL syntax; check the manual that corresponds to your MySQL server version for the right syntax to use near 'TABLEcsx_b2b_data_center.usr_user' at line 1
18:45:33.816 [AWT-EventQueue-0] INFO  com.luoboduner.wesync.App - ==================AppInitStart
18:45:35.992 [AWT-EventQueue-0] INFO  com.luoboduner.wesync.App - ==================AppInitEnd
18:45:51.158 [AWT-EventQueue-0] INFO  c.l.wesync.logic.sync.DataBaseSync - from 10.252.193.44 connection establied.
18:45:51.158 [AWT-EventQueue-0] INFO  c.l.wesync.logic.sync.DataBaseSync - to 10.252.193.44 connection establied.
18:46:08.235 [AWT-EventQueue-0] INFO  c.l.wesync.logic.sync.DataBaseSync - from 10.252.193.44 connection establied.
18:46:08.235 [AWT-EventQueue-0] INFO  c.l.wesync.logic.sync.DataBaseSync - to 10.252.193.44 connection establied.
18:46:08.492 [AWT-EventQueue-0] INFO  c.l.wesync.logic.sync.DataBaseSync - succes
18:46:50.124 [AWT-EventQueue-0] INFO  c.l.wesync.logic.sync.DataBaseSync - get ddl from  csx_b2b_data_center.usr_user 
18:46:50.181 [AWT-EventQueue-0] INFO  c.l.wesync.logic.sync.DataBaseSync - drop table for usr_user is begin...
18:46:51.676 [AWT-EventQueue-0] ERROR c.l.wesync.ui.panel.DatabasePanelTo - Write to xml file errorjava.sql.SQLSyntaxErrorException: You have an error in your SQL syntax; check the manual that corresponds to your MySQL server version for the right syntax to use near 'TABLEcsx_b2b_data_center.usr_user' at line 1
18:50:31.766 [AWT-EventQueue-0] INFO  com.luoboduner.wesync.App - ==================AppInitStart
18:50:33.725 [AWT-EventQueue-0] INFO  com.luoboduner.wesync.App - ==================AppInitEnd
18:50:48.145 [AWT-EventQueue-0] INFO  c.l.wesync.logic.sync.DataBaseSync - from 10.252.193.44 connection establied.
18:50:48.146 [AWT-EventQueue-0] INFO  c.l.wesync.logic.sync.DataBaseSync - to 10.252.193.44 connection establied.
18:50:48.490 [AWT-EventQueue-0] INFO  c.l.wesync.logic.sync.DataBaseSync - succes
18:51:05.419 [AWT-EventQueue-0] ERROR c.l.wesync.ui.panel.DatabasePanelTo - Write to xml file errorjava.sql.SQLException: Column name pattern can not be NULL or empty.
18:51:29.457 [AWT-EventQueue-0] INFO  com.luoboduner.wesync.App - ==================AppInitStart
18:51:31.506 [AWT-EventQueue-0] INFO  com.luoboduner.wesync.App - ==================AppInitEnd
18:51:46.257 [AWT-EventQueue-0] INFO  c.l.wesync.logic.sync.DataBaseSync - from 10.252.193.44 connection establied.
18:51:46.258 [AWT-EventQueue-0] INFO  c.l.wesync.logic.sync.DataBaseSync - to 10.252.193.44 connection establied.
18:51:46.517 [AWT-EventQueue-0] INFO  c.l.wesync.logic.sync.DataBaseSync - succes
18:52:03.733 [AWT-EventQueue-0] ERROR c.l.wesync.ui.panel.DatabasePanelTo - Write to xml file errorjava.sql.SQLSyntaxErrorException: Table 'finedb.usr_user' doesn't exist
18:52:45.667 [AWT-EventQueue-0] INFO  com.luoboduner.wesync.App - ==================AppInitStart
18:52:47.693 [AWT-EventQueue-0] INFO  com.luoboduner.wesync.App - ==================AppInitEnd
18:53:01.819 [AWT-EventQueue-0] INFO  c.l.wesync.logic.sync.DataBaseSync - from 10.252.193.44 connection establied.
18:53:01.820 [AWT-EventQueue-0] INFO  c.l.wesync.logic.sync.DataBaseSync - to 10.252.193.44 connection establied.
18:53:02.083 [AWT-EventQueue-0] INFO  c.l.wesync.logic.sync.DataBaseSync - succes
18:53:42.849 [AWT-EventQueue-0] ERROR c.l.wesync.ui.panel.DatabasePanelTo - Write to xml file errorjava.sql.SQLSyntaxErrorException: Table 'finedb.usr_user' doesn't exist
18:53:56.203 [AWT-EventQueue-0] INFO  c.l.wesync.logic.sync.DataBaseSync - from 10.252.193.44 connection establied.
18:53:56.204 [AWT-EventQueue-0] INFO  c.l.wesync.logic.sync.DataBaseSync - to 10.252.193.44 connection establied.
18:53:56.445 [AWT-EventQueue-0] INFO  c.l.wesync.logic.sync.DataBaseSync - succes
18:55:03.153 [AWT-EventQueue-0] ERROR c.l.wesync.ui.panel.DatabasePanelTo - Write to xml file errorjava.sql.SQLSyntaxErrorException: Table 'finedb.usr_user' doesn't exist
18:58:31.844 [AWT-EventQueue-0] INFO  com.luoboduner.wesync.App - ==================AppInitStart
18:58:33.892 [AWT-EventQueue-0] INFO  com.luoboduner.wesync.App - ==================AppInitEnd
18:58:55.882 [AWT-EventQueue-0] INFO  c.l.wesync.logic.sync.DataBaseSync - from 10.252.193.44 connection establied.
18:58:55.882 [AWT-EventQueue-0] INFO  c.l.wesync.logic.sync.DataBaseSync - to 10.252.193.44 connection establied.
18:58:56.184 [AWT-EventQueue-0] INFO  c.l.wesync.logic.sync.DataBaseSync - succes
18:58:56.561 [AWT-EventQueue-0] INFO  c.l.wesync.logic.sync.DataBaseSync - get ddl from  csx_b2b_data_center.usr_user 
18:58:56.620 [AWT-EventQueue-0] INFO  c.l.wesync.logic.sync.DataBaseSync - drop table for usr_user is begin...
18:59:01.852 [AWT-EventQueue-0] ERROR c.l.wesync.ui.panel.DatabasePanelTo - Write to xml file errorjava.sql.SQLSyntaxErrorException: You have an error in your SQL syntax; check the manual that corresponds to your MySQL server version for the right syntax to use near 'TABLEcsx_b2b_data_center.usr_user' at line 1
19:00:00.639 [AWT-EventQueue-0] INFO  com.luoboduner.wesync.App - ==================AppInitStart
19:00:02.733 [AWT-EventQueue-0] INFO  com.luoboduner.wesync.App - ==================AppInitEnd
19:00:29.312 [AWT-EventQueue-0] INFO  c.l.wesync.logic.sync.DataBaseSync - from 10.252.193.44 connection establied.
19:00:29.313 [AWT-EventQueue-0] INFO  c.l.wesync.logic.sync.DataBaseSync - to 10.252.193.44 connection establied.
19:00:29.624 [AWT-EventQueue-0] INFO  c.l.wesync.logic.sync.DataBaseSync - succes
19:00:30.020 [AWT-EventQueue-0] INFO  c.l.wesync.logic.sync.DataBaseSync - get ddl from  csx_b2b_data_center.usr_user 
19:00:30.079 [AWT-EventQueue-0] INFO  c.l.wesync.logic.sync.DataBaseSync - drop table for usr_user is begin...
19:00:36.562 [AWT-EventQueue-0] ERROR c.l.wesync.ui.panel.DatabasePanelTo - Write to xml file errorjava.sql.SQLSyntaxErrorException: You have an error in your SQL syntax; check the manual that corresponds to your MySQL server version for the right syntax to use near '' at line 1
19:00:48.213 [AWT-EventQueue-0] INFO  c.l.wesync.logic.sync.DataBaseSync - from 10.252.193.44 connection establied.
19:00:48.214 [AWT-EventQueue-0] INFO  c.l.wesync.logic.sync.DataBaseSync - to 10.252.193.44 connection establied.
